<?xml version="1.0" encoding="UTF-8"?>
<coverage generated="1502898293">
  <project timestamp="1502898293">
    <package name="DBAL\Caching">
      <file name="Z:\wamp\www\repositories\Database\src/Caching/ApcCache.php">
        <class name="ApcCache" namespace="DBAL\Caching">
          <metrics complexity="8" methods="7" coveredmethods="0" conditionals="0" coveredconditionals="0" statements="9" coveredstatements="0" elements="16" coveredelements="0"/>
        </class>
        <line num="9" type="method" name="__construct" visibility="public" complexity="2" crap="6" count="0"/>
        <line num="10" type="stmt" count="0"/>
        <line num="11" type="stmt" count="0"/>
        <line num="13" type="stmt" count="0"/>
        <line num="21" type="method" name="connect" visibility="public" complexity="1" crap="2" count="0"/>
        <line num="22" type="stmt" count="0"/>
        <line num="32" type="method" name="save" visibility="public" complexity="1" crap="2" count="0"/>
        <line num="33" type="stmt" count="0"/>
        <line num="43" type="method" name="replace" visibility="public" complexity="1" crap="2" count="0"/>
        <line num="44" type="stmt" count="0"/>
        <line num="52" type="method" name="fetch" visibility="public" complexity="1" crap="2" count="0"/>
        <line num="53" type="stmt" count="0"/>
        <line num="61" type="method" name="delete" visibility="public" complexity="1" crap="2" count="0"/>
        <line num="62" type="stmt" count="0"/>
        <line num="69" type="method" name="deleteAll" visibility="public" complexity="1" crap="2" count="0"/>
        <line num="70" type="stmt" count="0"/>
        <metrics loc="72" ncloc="35" classes="1" methods="7" coveredmethods="0" conditionals="0" coveredconditionals="0" statements="9" coveredstatements="0" elements="16" coveredelements="0"/>
      </file>
      <file name="Z:\wamp\www\repositories\Database\src/Caching/MemcacheCache.php">
        <class name="MemcacheCache" namespace="DBAL\Caching">
          <metrics complexity="12" methods="9" coveredmethods="0" conditionals="0" coveredconditionals="0" statements="18" coveredstatements="0" elements="27" coveredelements="0"/>
        </class>
        <line num="13" type="method" name="__construct" visibility="public" complexity="2" crap="6" count="0"/>
        <line num="14" type="stmt" count="0"/>
        <line num="15" type="stmt" count="0"/>
        <line num="17" type="stmt" count="0"/>
        <line num="18" type="stmt" count="0"/>
        <line num="23" type="method" name="__destruct" visibility="public" complexity="2" crap="6" count="0"/>
        <line num="24" type="stmt" count="0"/>
        <line num="25" type="stmt" count="0"/>
        <line num="27" type="stmt" count="0"/>
        <line num="36" type="method" name="connect" visibility="public" complexity="2" crap="6" count="0"/>
        <line num="37" type="stmt" count="0"/>
        <line num="38" type="stmt" count="0"/>
        <line num="41" type="stmt" count="0"/>
        <line num="43" type="stmt" count="0"/>
        <line num="53" type="method" name="addServer" visibility="public" complexity="1" crap="2" count="0"/>
        <line num="54" type="stmt" count="0"/>
        <line num="55" type="stmt" count="0"/>
        <line num="65" type="method" name="save" visibility="public" complexity="1" crap="2" count="0"/>
        <line num="66" type="stmt" count="0"/>
        <line num="76" type="method" name="replace" visibility="public" complexity="1" crap="2" count="0"/>
        <line num="77" type="stmt" count="0"/>
        <line num="85" type="method" name="fetch" visibility="public" complexity="1" crap="2" count="0"/>
        <line num="86" type="stmt" count="0"/>
        <line num="94" type="method" name="delete" visibility="public" complexity="1" crap="2" count="0"/>
        <line num="95" type="stmt" count="0"/>
        <line num="102" type="method" name="deleteAll" visibility="public" complexity="1" crap="2" count="0"/>
        <line num="103" type="stmt" count="0"/>
        <metrics loc="105" ncloc="57" classes="1" methods="9" coveredmethods="0" conditionals="0" coveredconditionals="0" statements="18" coveredstatements="0" elements="27" coveredelements="0"/>
      </file>
      <file name="Z:\wamp\www\repositories\Database\src/Caching/MemcachedCache.php">
        <class name="MemcachedCache" namespace="DBAL\Caching">
          <metrics complexity="11" methods="9" coveredmethods="0" conditionals="0" coveredconditionals="0" statements="16" coveredstatements="0" elements="25" coveredelements="0"/>
        </class>
        <line num="11" type="method" name="__construct" visibility="public" complexity="2" crap="6" count="0"/>
        <line num="12" type="stmt" count="0"/>
        <line num="13" type="stmt" count="0"/>
        <line num="15" type="stmt" count="0"/>
        <line num="20" type="method" name="__destruct" visibility="public" complexity="2" crap="6" count="0"/>
        <line num="21" type="stmt" count="0"/>
        <line num="22" type="stmt" count="0"/>
        <line num="24" type="stmt" count="0"/>
        <line num="33" type="method" name="connect" visibility="public" complexity="1" crap="2" count="0"/>
        <line num="34" type="stmt" count="0"/>
        <line num="35" type="stmt" count="0"/>
        <line num="45" type="method" name="addServer" visibility="public" complexity="1" crap="2" count="0"/>
        <line num="46" type="stmt" count="0"/>
        <line num="47" type="stmt" count="0"/>
        <line num="48" type="stmt" count="0"/>
        <line num="59" type="method" name="save" visibility="public" complexity="1" crap="2" count="0"/>
        <line num="60" type="stmt" count="0"/>
        <line num="71" type="method" name="replace" visibility="public" complexity="1" crap="2" count="0"/>
        <line num="72" type="stmt" count="0"/>
        <line num="80" type="method" name="fetch" visibility="public" complexity="1" crap="2" count="0"/>
        <line num="81" type="stmt" count="0"/>
        <line num="89" type="method" name="delete" visibility="public" complexity="1" crap="2" count="0"/>
        <line num="90" type="stmt" count="0"/>
        <line num="97" type="method" name="deleteAll" visibility="public" complexity="1" crap="2" count="0"/>
        <line num="98" type="stmt" count="0"/>
        <metrics loc="100" ncloc="52" classes="1" methods="9" coveredmethods="0" conditionals="0" coveredconditionals="0" statements="16" coveredstatements="0" elements="25" coveredelements="0"/>
      </file>
      <file name="Z:\wamp\www\repositories\Database\src/Caching/RedisCache.php">
        <class name="RedisCache" namespace="DBAL\Caching">
          <metrics complexity="12" methods="9" coveredmethods="0" conditionals="0" coveredconditionals="0" statements="18" coveredstatements="0" elements="27" coveredelements="0"/>
        </class>
        <line num="11" type="method" name="__construct" visibility="public" complexity="2" crap="6" count="0"/>
        <line num="12" type="stmt" count="0"/>
        <line num="13" type="stmt" count="0"/>
        <line num="15" type="stmt" count="0"/>
        <line num="16" type="stmt" count="0"/>
        <line num="21" type="method" name="__destruct" visibility="public" complexity="2" crap="6" count="0"/>
        <line num="22" type="stmt" count="0"/>
        <line num="23" type="stmt" count="0"/>
        <line num="25" type="stmt" count="0"/>
        <line num="34" type="method" name="connect" visibility="public" complexity="1" crap="2" count="0"/>
        <line num="35" type="stmt" count="0"/>
        <line num="36" type="stmt" count="0"/>
        <line num="46" type="method" name="addServer" visibility="public" complexity="2" crap="6" count="0"/>
        <line num="47" type="stmt" count="0"/>
        <line num="48" type="stmt" count="0"/>
        <line num="51" type="stmt" count="0"/>
        <line num="53" type="stmt" count="0"/>
        <line num="64" type="method" name="save" visibility="public" complexity="1" crap="2" count="0"/>
        <line num="65" type="stmt" count="0"/>
        <line num="76" type="method" name="replace" visibility="public" complexity="1" crap="2" count="0"/>
        <line num="77" type="stmt" count="0"/>
        <line num="85" type="method" name="fetch" visibility="public" complexity="1" crap="2" count="0"/>
        <line num="86" type="stmt" count="0"/>
        <line num="94" type="method" name="delete" visibility="public" complexity="1" crap="2" count="0"/>
        <line num="95" type="stmt" count="0"/>
        <line num="102" type="method" name="deleteAll" visibility="public" complexity="1" crap="2" count="0"/>
        <line num="103" type="stmt" count="0"/>
        <metrics loc="105" ncloc="57" classes="1" methods="9" coveredmethods="0" conditionals="0" coveredconditionals="0" statements="18" coveredstatements="0" elements="27" coveredelements="0"/>
      </file>
      <file name="Z:\wamp\www\repositories\Database\src/Caching/XcacheCache.php">
        <class name="XcacheCache" namespace="DBAL\Caching">
          <metrics complexity="8" methods="7" coveredmethods="0" conditionals="0" coveredconditionals="0" statements="10" coveredstatements="0" elements="17" coveredelements="0"/>
        </class>
        <line num="11" type="method" name="__construct" visibility="public" complexity="2" crap="6" count="0"/>
        <line num="12" type="stmt" count="0"/>
        <line num="13" type="stmt" count="0"/>
        <line num="15" type="stmt" count="0"/>
        <line num="23" type="method" name="connect" visibility="public" complexity="1" crap="2" count="0"/>
        <line num="24" type="stmt" count="0"/>
        <line num="25" type="stmt" count="0"/>
        <line num="35" type="method" name="save" visibility="public" complexity="1" crap="2" count="0"/>
        <line num="36" type="stmt" count="0"/>
        <line num="47" type="method" name="replace" visibility="public" complexity="1" crap="2" count="0"/>
        <line num="48" type="stmt" count="0"/>
        <line num="56" type="method" name="fetch" visibility="public" complexity="1" crap="2" count="0"/>
        <line num="57" type="stmt" count="0"/>
        <line num="65" type="method" name="delete" visibility="public" complexity="1" crap="2" count="0"/>
        <line num="66" type="stmt" count="0"/>
        <line num="73" type="method" name="deleteAll" visibility="public" complexity="1" crap="2" count="0"/>
        <line num="74" type="stmt" count="0"/>
        <metrics loc="76" ncloc="39" classes="1" methods="7" coveredmethods="0" conditionals="0" coveredconditionals="0" statements="10" coveredstatements="0" elements="17" coveredelements="0"/>
      </file>
    </package>
    <file name="Z:\wamp\www\repositories\Database\src/Caching/CacheInterface.php">
      <metrics loc="11" ncloc="11" classes="0" methods="0" coveredmethods="0" conditionals="0" coveredconditionals="0" statements="0" coveredstatements="0" elements="0" coveredelements="0"/>
    </file>
    <package name="DBAL">
      <file name="Z:\wamp\www\repositories\Database\src/Database.php">
        <class name="Database" namespace="DBAL">
          <metrics complexity="84" methods="30" coveredmethods="0" conditionals="0" coveredconditionals="0" statements="152" coveredstatements="0" elements="182" coveredelements="0"/>
        </class>
        <line num="40" type="method" name="__construct" visibility="public" complexity="3" crap="12" count="0"/>
        <line num="42" type="stmt" count="0"/>
        <line num="44" type="stmt" count="0"/>
        <line num="45" type="stmt" count="0"/>
        <line num="46" type="stmt" count="0"/>
        <line num="48" type="stmt" count="0"/>
        <line num="50" type="stmt" count="0"/>
        <line num="55" type="method" name="__destruct" visibility="public" complexity="1" crap="2" count="0"/>
        <line num="56" type="stmt" count="0"/>
        <line num="57" type="stmt" count="0"/>
        <line num="66" type="method" name="connectToServer" visibility="protected" complexity="2" crap="6" count="0"/>
        <line num="67" type="stmt" count="0"/>
        <line num="68" type="stmt" count="0"/>
        <line num="69" type="stmt" count="0"/>
        <line num="71" type="stmt" count="0"/>
        <line num="77" type="method" name="setCaching" visibility="public" complexity="2" crap="6" count="0"/>
        <line num="78" type="stmt" count="0"/>
        <line num="79" type="stmt" count="0"/>
        <line num="80" type="stmt" count="0"/>
        <line num="82" type="stmt" count="0"/>
        <line num="90" type="method" name="query" visibility="public" complexity="3" crap="12" count="0"/>
        <line num="92" type="stmt" count="0"/>
        <line num="93" type="stmt" count="0"/>
        <line num="94" type="stmt" count="0"/>
        <line num="95" type="stmt" count="0"/>
        <line num="96" type="stmt" count="0"/>
        <line num="99" type="stmt" count="0"/>
        <line num="100" type="stmt" count="0"/>
        <line num="102" type="stmt" count="0"/>
        <line num="113" type="method" name="select" visibility="public" complexity="1" crap="2" count="0"/>
        <line num="114" type="stmt" count="0"/>
        <line num="127" type="method" name="selectAll" visibility="public" complexity="5" crap="30" count="0"/>
        <line num="128" type="stmt" count="0"/>
        <line num="129" type="stmt" count="0"/>
        <line num="130" type="stmt" count="0"/>
        <line num="131" type="stmt" count="0"/>
        <line num="132" type="stmt" count="0"/>
        <line num="133" type="stmt" count="0"/>
        <line num="135" type="stmt" count="0"/>
        <line num="148" type="method" name="fetchColumn" visibility="public" complexity="4" crap="20" count="0"/>
        <line num="149" type="stmt" count="0"/>
        <line num="150" type="stmt" count="0"/>
        <line num="151" type="stmt" count="0"/>
        <line num="152" type="stmt" count="0"/>
        <line num="153" type="stmt" count="0"/>
        <line num="155" type="stmt" count="0"/>
        <line num="164" type="method" name="insert" visibility="public" complexity="2" crap="6" count="0"/>
        <line num="165" type="stmt" count="0"/>
        <line num="167" type="stmt" count="0"/>
        <line num="168" type="stmt" count="0"/>
        <line num="169" type="stmt" count="0"/>
        <line num="180" type="method" name="update" visibility="public" complexity="2" crap="6" count="0"/>
        <line num="181" type="stmt" count="0"/>
        <line num="182" type="stmt" count="0"/>
        <line num="183" type="stmt" count="0"/>
        <line num="192" type="method" name="delete" visibility="public" complexity="2" crap="6" count="0"/>
        <line num="193" type="stmt" count="0"/>
        <line num="194" type="stmt" count="0"/>
        <line num="195" type="stmt" count="0"/>
        <line num="205" type="method" name="count" visibility="public" complexity="4" crap="20" count="0"/>
        <line num="206" type="stmt" count="0"/>
        <line num="207" type="stmt" count="0"/>
        <line num="209" type="stmt" count="0"/>
        <line num="210" type="stmt" count="0"/>
        <line num="211" type="stmt" count="0"/>
        <line num="212" type="stmt" count="0"/>
        <line num="214" type="stmt" count="0"/>
        <line num="222" type="method" name="truncate" visibility="public" complexity="3" crap="12" count="0"/>
        <line num="224" type="stmt" count="0"/>
        <line num="225" type="stmt" count="0"/>
        <line num="227" type="stmt" count="0"/>
        <line num="228" type="stmt" count="0"/>
        <line num="230" type="stmt" count="0"/>
        <line num="237" type="method" name="numRows" visibility="public" complexity="2" crap="6" count="0"/>
        <line num="238" type="stmt" count="0"/>
        <line num="239" type="stmt" count="0"/>
        <line num="241" type="stmt" count="0"/>
        <line num="248" type="method" name="rowCount" visibility="public" complexity="1" crap="2" count="0"/>
        <line num="249" type="stmt" count="0"/>
        <line num="257" type="method" name="lastInsertId" visibility="public" complexity="1" crap="2" count="0"/>
        <line num="258" type="stmt" count="0"/>
        <line num="266" type="method" name="fulltextIndex" visibility="public" complexity="7" crap="56" count="0"/>
        <line num="267" type="stmt" count="0"/>
        <line num="268" type="stmt" count="0"/>
        <line num="269" type="stmt" count="0"/>
        <line num="270" type="stmt" count="0"/>
        <line num="274" type="stmt" count="0"/>
        <line num="275" type="stmt" count="0"/>
        <line num="277" type="stmt" count="0"/>
        <line num="278" type="stmt" count="0"/>
        <line num="281" type="stmt" count="0"/>
        <line num="282" type="stmt" count="0"/>
        <line num="283" type="stmt" count="0"/>
        <line num="287" type="stmt" count="0"/>
        <line num="293" type="method" name="serverVersion" visibility="public" complexity="1" crap="2" count="0"/>
        <line num="294" type="stmt" count="0"/>
        <line num="301" type="method" name="error" visibility="private" complexity="3" crap="12" count="0"/>
        <line num="302" type="stmt" count="0"/>
        <line num="303" type="stmt" count="0"/>
        <line num="304" type="stmt" count="0"/>
        <line num="305" type="stmt" count="0"/>
        <line num="306" type="stmt" count="0"/>
        <line num="308" type="stmt" count="0"/>
        <line num="309" type="stmt" count="0"/>
        <line num="311" type="stmt" count="0"/>
        <line num="316" type="method" name="writeQueryToLog" visibility="public" complexity="1" crap="2" count="0"/>
        <line num="317" type="stmt" count="0"/>
        <line num="318" type="stmt" count="0"/>
        <line num="319" type="stmt" count="0"/>
        <line num="320" type="stmt" count="0"/>
        <line num="321" type="stmt" count="0"/>
        <line num="326" type="method" name="closeDatabase" visibility="public" complexity="1" crap="2" count="0"/>
        <line num="327" type="stmt" count="0"/>
        <line num="328" type="stmt" count="0"/>
        <line num="338" type="method" name="buildSelectQuery" visibility="protected" complexity="3" crap="12" count="0"/>
        <line num="339" type="stmt" count="0"/>
        <line num="340" type="stmt" count="0"/>
        <line num="341" type="stmt" count="0"/>
        <line num="342" type="stmt" count="0"/>
        <line num="344" type="stmt" count="0"/>
        <line num="346" type="stmt" count="0"/>
        <line num="348" type="stmt" count="0"/>
        <line num="349" type="stmt" count="0"/>
        <line num="350" type="stmt" count="0"/>
        <line num="357" type="method" name="executeQuery" visibility="protected" complexity="6" crap="42" count="0"/>
        <line num="358" type="stmt" count="0"/>
        <line num="359" type="stmt" count="0"/>
        <line num="360" type="stmt" count="0"/>
        <line num="363" type="stmt" count="0"/>
        <line num="364" type="stmt" count="0"/>
        <line num="365" type="stmt" count="0"/>
        <line num="367" type="stmt" count="0"/>
        <line num="368" type="stmt" count="0"/>
        <line num="370" type="stmt" count="0"/>
        <line num="377" type="method" name="where" visibility="private" complexity="7" crap="56" count="0"/>
        <line num="378" type="stmt" count="0"/>
        <line num="379" type="stmt" count="0"/>
        <line num="380" type="stmt" count="0"/>
        <line num="381" type="stmt" count="0"/>
        <line num="382" type="stmt" count="0"/>
        <line num="383" type="stmt" count="0"/>
        <line num="386" type="stmt" count="0"/>
        <line num="387" type="stmt" count="0"/>
        <line num="391" type="stmt" count="0"/>
        <line num="392" type="stmt" count="0"/>
        <line num="395" type="stmt" count="0"/>
        <line num="396" type="stmt" count="0"/>
        <line num="399" type="stmt" count="0"/>
        <line num="407" type="method" name="orderBy" visibility="private" complexity="4" crap="20" count="0"/>
        <line num="408" type="stmt" count="0"/>
        <line num="409" type="stmt" count="0"/>
        <line num="410" type="stmt" count="0"/>
        <line num="413" type="stmt" count="0"/>
        <line num="414" type="stmt" count="0"/>
        <line num="416" type="stmt" count="0"/>
        <line num="425" type="method" name="fields" visibility="private" complexity="3" crap="12" count="0"/>
        <line num="426" type="stmt" count="0"/>
        <line num="428" type="stmt" count="0"/>
        <line num="429" type="stmt" count="0"/>
        <line num="430" type="stmt" count="0"/>
        <line num="431" type="stmt" count="0"/>
        <line num="434" type="stmt" count="0"/>
        <line num="436" type="stmt" count="0"/>
        <line num="438" type="stmt" count="0"/>
        <line num="446" type="method" name="limit" visibility="private" complexity="4" crap="20" count="0"/>
        <line num="447" type="stmt" count="0"/>
        <line num="448" type="stmt" count="0"/>
        <line num="449" type="stmt" count="0"/>
        <line num="452" type="stmt" count="0"/>
        <line num="453" type="stmt" count="0"/>
        <line num="455" type="stmt" count="0"/>
        <line num="464" type="method" name="setCache" visibility="public" complexity="2" crap="6" count="0"/>
        <line num="465" type="stmt" count="0"/>
        <line num="466" type="stmt" count="0"/>
        <line num="468" type="stmt" count="0"/>
        <line num="475" type="method" name="getCache" visibility="public" complexity="3" crap="12" count="0"/>
        <line num="476" type="stmt" count="0"/>
        <line num="478" type="stmt" count="0"/>
        <line num="479" type="stmt" count="0"/>
        <line num="486" type="method" name="flushDB" visibility="public" complexity="1" crap="2" count="0"/>
        <line num="487" type="stmt" count="0"/>
        <line num="488" type="stmt" count="0"/>
        <metrics loc="489" ncloc="315" classes="1" methods="30" coveredmethods="0" conditionals="0" coveredconditionals="0" statements="152" coveredstatements="0" elements="182" coveredelements="0"/>
      </file>
    </package>
    <metrics files="7" loc="958" ncloc="566" classes="6" methods="71" coveredmethods="0" conditionals="0" coveredconditionals="0" statements="223" coveredstatements="0" elements="294" coveredelements="0"/>
  </project>
</coverage>
